<?xml version="1.0" encoding="utf-8"?><testsuites name="pytest tests"><testsuite name="pytest" errors="0" failures="0" skipped="1" tests="21" time="9.403" timestamp="2026-02-16T21:11:42.361056+00:00" hostname="agent-env-cc2b2d08-6042-4595-80c0-394e819a5e76"><testcase classname="backend.tests.test_admin_apis.TestHealthCheck" name="test_api_reachable" time="0.284" /><testcase classname="backend.tests.test_admin_apis.TestAdminAuth" name="test_admin_login_success" time="0.396" /><testcase classname="backend.tests.test_admin_apis.TestAdminAuth" name="test_admin_login_invalid_credentials" time="0.158" /><testcase classname="backend.tests.test_admin_apis.TestAdminAuth" name="test_admin_login_customer_credentials" time="0.134" /><testcase classname="backend.tests.test_admin_apis.TestAdminDashboard" name="test_dashboard_stats" time="0.555" /><testcase classname="backend.tests.test_admin_apis.TestAdminDashboard" name="test_dashboard_stats_unauthorized" time="0.239" /><testcase classname="backend.tests.test_admin_apis.TestAdminRestaurantManagement" name="test_get_all_restaurants" time="0.529" /><testcase classname="backend.tests.test_admin_apis.TestAdminRestaurantManagement" name="test_update_restaurant_status" time="0.794" /><testcase classname="backend.tests.test_admin_apis.TestAdminRestaurantManagement" name="test_update_restaurant_invalid_status" time="0.877" /><testcase classname="backend.tests.test_admin_apis.TestAdminOrderManagement" name="test_get_all_orders" time="0.568" /><testcase classname="backend.tests.test_admin_apis.TestAdminOrderManagement" name="test_update_order_status" time="0.664" /><testcase classname="backend.tests.test_admin_apis.TestAdminReservationManagement" name="test_get_all_reservations" time="0.655" /><testcase classname="backend.tests.test_admin_apis.TestAdminReservationManagement" name="test_update_reservation_status" time="0.507"><skipped type="pytest.skip" message="No reservations to test status update">/app/backend/tests/test_admin_apis.py:293: No reservations to test status update</skipped></testcase><testcase classname="backend.tests.test_admin_apis.TestAdminUserManagement" name="test_get_all_users" time="0.464" /><testcase classname="backend.tests.test_admin_apis.TestAdminUserManagement" name="test_update_user_status" time="0.789" /><testcase classname="backend.tests.test_admin_apis.TestCustomerAuth" name="test_customer_login_success" time="0.353" /><testcase classname="backend.tests.test_admin_apis.TestCustomerAuth" name="test_customer_login_invalid" time="0.208" /><testcase classname="backend.tests.test_admin_apis.TestRestaurantAuth" name="test_restaurant_login_success" time="0.343" /><testcase classname="backend.tests.test_admin_apis.TestPublicEndpoints" name="test_get_restaurants" time="0.147" /><testcase classname="backend.tests.test_admin_apis.TestPublicEndpoints" name="test_get_restaurant_by_id" time="0.283" /><testcase classname="backend.tests.test_admin_apis.TestPublicEndpoints" name="test_get_restaurant_menu" time="0.376" /></testsuite></testsuites>