<?xml version="1.0" encoding="utf-8"?><testsuites name="pytest tests"><testsuite name="pytest" errors="0" failures="2" skipped="1" tests="21" time="9.557" timestamp="2026-02-16T21:03:40.387144+00:00" hostname="agent-env-cc2b2d08-6042-4595-80c0-394e819a5e76"><testcase classname="backend.tests.test_admin_apis.TestHealthCheck" name="test_api_reachable" time="0.353" /><testcase classname="backend.tests.test_admin_apis.TestAdminAuth" name="test_admin_login_success" time="0.418" /><testcase classname="backend.tests.test_admin_apis.TestAdminAuth" name="test_admin_login_invalid_credentials" time="0.255" /><testcase classname="backend.tests.test_admin_apis.TestAdminAuth" name="test_admin_login_customer_credentials" time="0.245" /><testcase classname="backend.tests.test_admin_apis.TestAdminDashboard" name="test_dashboard_stats" time="0.535" /><testcase classname="backend.tests.test_admin_apis.TestAdminDashboard" name="test_dashboard_stats_unauthorized" time="0.191" /><testcase classname="backend.tests.test_admin_apis.TestAdminRestaurantManagement" name="test_get_all_restaurants" time="0.551" /><testcase classname="backend.tests.test_admin_apis.TestAdminRestaurantManagement" name="test_update_restaurant_status" time="0.860" /><testcase classname="backend.tests.test_admin_apis.TestAdminRestaurantManagement" name="test_update_restaurant_invalid_status" time="0.707" /><testcase classname="backend.tests.test_admin_apis.TestAdminOrderManagement" name="test_get_all_orders" time="0.561"><failure message="AssertionError: Missing restaurant info&#10;assert 'restaurant' in {'created_at': '2026-02-16T21:00:38.165564+00:00', 'customer': {'email': 'test@test.com', 'name': 'test'}, 'delivery_address': 'test', 'delivery_phone': '1234567891', ...}">backend/tests/test_admin_apis.py:223: in test_get_all_orders
    assert "restaurant" in order, "Missing restaurant info"
E   AssertionError: Missing restaurant info
E   assert 'restaurant' in {'created_at': '2026-02-16T21:00:38.165564+00:00', 'customer': {'email': 'test@test.com', 'name': 'test'}, 'delivery_address': 'test', 'delivery_phone': '1234567891', ...}</failure></testcase><testcase classname="backend.tests.test_admin_apis.TestAdminOrderManagement" name="test_update_order_status" time="0.623" /><testcase classname="backend.tests.test_admin_apis.TestAdminReservationManagement" name="test_get_all_reservations" time="0.598" /><testcase classname="backend.tests.test_admin_apis.TestAdminReservationManagement" name="test_update_reservation_status" time="0.581"><skipped type="pytest.skip" message="No reservations to test status update">/app/backend/tests/test_admin_apis.py:293: No reservations to test status update</skipped></testcase><testcase classname="backend.tests.test_admin_apis.TestAdminUserManagement" name="test_get_all_users" time="0.462"><failure message="AssertionError: Missing order_count&#10;assert 'order_count' in {'created_at': '2025-01-01T00:00:00Z', 'email': 'admin@dinedash.com', 'name': 'Admin User', 'phone': '+919999999999', ...}">backend/tests/test_admin_apis.py:335: in test_get_all_users
    assert "order_count" in user, "Missing order_count"
E   AssertionError: Missing order_count
E   assert 'order_count' in {'created_at': '2025-01-01T00:00:00Z', 'email': 'admin@dinedash.com', 'name': 'Admin User', 'phone': '+919999999999', ...}</failure></testcase><testcase classname="backend.tests.test_admin_apis.TestAdminUserManagement" name="test_update_user_status" time="0.785" /><testcase classname="backend.tests.test_admin_apis.TestCustomerAuth" name="test_customer_login_success" time="0.367" /><testcase classname="backend.tests.test_admin_apis.TestCustomerAuth" name="test_customer_login_invalid" time="0.141" /><testcase classname="backend.tests.test_admin_apis.TestRestaurantAuth" name="test_restaurant_login_success" time="0.371" /><testcase classname="backend.tests.test_admin_apis.TestPublicEndpoints" name="test_get_restaurants" time="0.134" /><testcase classname="backend.tests.test_admin_apis.TestPublicEndpoints" name="test_get_restaurant_by_id" time="0.346" /><testcase classname="backend.tests.test_admin_apis.TestPublicEndpoints" name="test_get_restaurant_menu" time="0.377" /></testsuite></testsuites>